<?xml version="1.0" encoding="UTF-8"?>
<!-- Generated by org.testng.reporters.JUnitReportReporter -->
<testsuite hostname="GE-testing-MacBook-Pro.local" failures="0" tests="1" name="Sele2.Tooltipfunc" time="14.412" errors="0" timestamp="08 Jun 2021 03:34:22 GMT" skipped="0">
  <testcase classname="Sele2.Tooltipfunc" name="m1" time="14.412"/>
</testsuite> <!-- Sele2.Tooltipfunc -->
