<?xml version="1.0" encoding="UTF-8"?>
<!-- Generated by org.testng.reporters.JUnitReportReporter -->
<testsuite hostname="GE-testing-MacBook-Pro.local" failures="0" tests="6" name="selenium.TestNGClass1" time="0.013" errors="0" timestamp="06 May 2021 03:50:46 GMT" skipped="0">
  <testcase classname="selenium.TestNGClass1" name="Method1" time="0.001"/>
  <testcase classname="selenium.TestNGClass1" name="M5" time="0.008"/>
  <testcase classname="selenium.TestNGClass1" name="Method2" time="0.001"/>
  <testcase classname="selenium.TestNGClass1" name="Method5" time="0.001"/>
  <testcase classname="selenium.TestNGClass1" name="Method3" time="0.001"/>
  <testcase classname="selenium.TestNGClass1" name="Method4" time="0.001"/>
</testsuite> <!-- selenium.TestNGClass1 -->
