<?xml version="1.0" encoding="UTF-8"?>
<!-- Generated by org.testng.reporters.JUnitReportReporter -->
<testsuite hostname="GE-testing-MacBook-Pro.local" failures="0" tests="3" name="Prog.testNGDif" time="0.014" errors="0" timestamp="20 Apr 2021 09:00:16 GMT" skipped="0">
  <testcase classname="Prog.testNGDif" name="tc03" time="0.004"/>
  <testcase classname="Prog.testNGDif" name="tc02" time="0.004"/>
  <testcase classname="Prog.testNGDif" name="tc01" time="0.006"/>
</testsuite> <!-- Prog.testNGDif -->
