<?xml version="1.0" encoding="UTF-8"?>
<!-- Generated by org.testng.reporters.JUnitReportReporter -->
<testsuite hostname="GE-testing-MacBook-Pro.local" failures="0" tests="1" name="commonFunctions.ExcelFileReading" time="0.626" errors="0" timestamp="18 Feb 2021 14:09:57 GMT" skipped="0">
  <testcase classname="commonFunctions.ExcelFileReading" name="ExcelDatareading" time="0.626"/>
</testsuite> <!-- commonFunctions.ExcelFileReading -->
