<?xml version="1.0" encoding="UTF-8"?>
<!-- Generated by org.testng.reporters.JUnitReportReporter -->
<testsuite hostname="GE-testing-MacBook-Pro.local" failures="0" tests="1" name="leafground.DownloadFilesFunc" time="19.686" errors="0" timestamp="15 Jun 2021 02:58:29 GMT" skipped="0">
  <testcase classname="leafground.DownloadFilesFunc" name="m1" time="19.686"/>
</testsuite> <!-- leafground.DownloadFilesFunc -->
