<?xml version="1.0" encoding="UTF-8"?>
<!-- Generated by org.testng.reporters.JUnitReportReporter -->
<testsuite hostname="GE-testing-MacBook-Pro.local" failures="0" tests="1" name="Sele2.MouseHoverFunc" time="30.514" errors="0" timestamp="10 Jun 2021 03:03:28 GMT" skipped="0">
  <testcase classname="Sele2.MouseHoverFunc" name="alertTest" time="30.514"/>
</testsuite> <!-- Sele2.MouseHoverFunc -->
