<?xml version="1.0" encoding="UTF-8"?>
<!-- Generated by org.testng.reporters.JUnitReportReporter -->
<testsuite hostname="GE-testing-MacBook-Pro.local" failures="0" tests="1" name="commonFunctions.DemoReadingExcel" time="0.957" errors="0" timestamp="18 Feb 2021 14:01:33 GMT" skipped="0">
  <testcase classname="commonFunctions.DemoReadingExcel" name="demo1" time="0.957"/>
</testsuite> <!-- commonFunctions.DemoReadingExcel -->
