<?xml version="1.0" encoding="UTF-8"?>
<!-- Generated by org.testng.reporters.JUnitReportReporter -->
<testsuite skipped="0" hostname="J7SW5M2" name="com.leafground.MouseHover" tests="1" failures="0" timestamp="2021-01-09T15:34:24 IST" time="15.534" errors="0">
  <testcase name="add" time="15.534" classname="com.leafground.MouseHover"/>
</testsuite> <!-- com.leafground.MouseHover -->
