<?xml version="1.0" encoding="UTF-8"?>
<!-- Generated by org.testng.reporters.JUnitReportReporter -->
<testsuite hostname="GE-testing-MacBook-Pro.local" failures="0" tests="1" name="Sele2.ElementDisappearFunc" time="17.362" errors="0" timestamp="09 Jun 2021 03:52:27 GMT" skipped="0">
  <testcase classname="Sele2.ElementDisappearFunc" name="m1" time="17.362"/>
</testsuite> <!-- Sele2.ElementDisappearFunc -->
