<?xml version="1.0" encoding="UTF-8"?>
<!-- Generated by org.testng.reporters.JUnitReportReporter -->
<testsuite skipped="0" hostname="J7SW5M2" name="com.leafground.images" tests="1" failures="0" timestamp="2021-01-10T20:29:09 IST" time="5.747" errors="0">
  <testcase name="add" time="5.747" classname="com.leafground.images"/>
</testsuite> <!-- com.leafground.images -->
