<?xml version="1.0" encoding="UTF-8"?>
<!-- Generated by org.testng.reporters.JUnitReportReporter -->
<testsuite hostname="GE-testing-MacBook-Pro.local" failures="0" tests="1" name="Sele2.SortableEx" time="21.507" errors="0" timestamp="04 Jun 2021 02:42:57 GMT" skipped="0">
  <testcase classname="Sele2.SortableEx" name="m1" time="21.507"/>
</testsuite> <!-- Sele2.SortableEx -->
