<?xml version="1.0" encoding="UTF-8"?>
<!-- Generated by org.testng.reporters.JUnitReportReporter -->
<testsuite hostname="GE-testing-MacBook-Pro.local" failures="0" tests="1" name="Sele2.Day2" time="0.001" errors="0" timestamp="06 May 2021 02:48:42 GMT" skipped="0">
  <testcase classname="Sele2.Day2" name="Day2Method" time="0.001"/>
</testsuite> <!-- Sele2.Day2 -->
