<?xml version="1.0" encoding="UTF-8"?>
<!-- Generated by org.testng.reporters.JUnitReportReporter -->
<testsuite skipped="0" hostname="J7SW5M2" name="com.leafground.downloadfiles" tests="1" failures="0" timestamp="2021-01-09T10:14:40 IST" time="6.419" errors="0">
  <testcase name="add" time="6.419" classname="com.leafground.downloadfiles"/>
</testsuite> <!-- com.leafground.downloadfiles -->
