<?xml version="1.0" encoding="UTF-8"?>
<!-- Generated by org.testng.reporters.JUnitReportReporter -->
<testsuite hostname="GE-testing-MacBook-Pro.local" failures="0" tests="1" name="Sele2.SortableFuncc" time="14.673" errors="0" timestamp="10 Jun 2021 03:32:50 GMT" skipped="0">
  <testcase classname="Sele2.SortableFuncc" name="alertTest" time="14.673"/>
</testsuite> <!-- Sele2.SortableFuncc -->
