<?xml version="1.0" encoding="UTF-8"?>
<!-- Generated by org.testng.reporters.JUnitReportReporter -->
<testsuite hostname="GE-testing-MacBook-Pro.local" failures="0" tests="1" name="Sele2.AlertWaitFunc" time="17.508" errors="0" timestamp="08 Jun 2021 03:53:41 GMT" skipped="0">
  <testcase classname="Sele2.AlertWaitFunc" name="m1" time="17.508"/>
</testsuite> <!-- Sele2.AlertWaitFunc -->
