<?xml version="1.0" encoding="UTF-8"?>
<!-- Generated by org.testng.reporters.JUnitReportReporter -->
<testsuite hostname="GE-testing-MacBook-Pro.local" failures="0" tests="1" name="Sele2.ImagesValid" time="19.616" errors="0" timestamp="04 Jun 2021 03:53:03 GMT" skipped="0">
  <testcase classname="Sele2.ImagesValid" name="m1" time="19.616"/>
</testsuite> <!-- Sele2.ImagesValid -->
