<?xml version="1.0" encoding="UTF-8"?>
<!-- Generated by org.testng.reporters.JUnitReportReporter -->
<testsuite hostname="GE-testing-MacBook-Pro.local" failures="0" tests="1" name="Sele2.WaitForTextToChangeFunc" time="20.498" errors="0" timestamp="09 Jun 2021 03:35:14 GMT" skipped="0">
  <testcase classname="Sele2.WaitForTextToChangeFunc" name="m1" time="20.498"/>
</testsuite> <!-- Sele2.WaitForTextToChangeFunc -->
