<?xml version="1.0" encoding="UTF-8"?>
<!-- Generated by org.testng.reporters.JUnitReportReporter -->
<testsuite hostname="GE-testing-MacBook-Pro.local" failures="0" tests="1" name="com.leafground.autocomplete" time="74.990" errors="0" timestamp="19 Jan 2021 04:09:54 GMT" skipped="0">
  <testcase classname="com.leafground.autocomplete" name="add" time="74.990"/>
</testsuite> <!-- com.leafground.autocomplete -->
