<?xml version="1.0" encoding="UTF-8"?>
<!-- Generated by org.testng.reporters.JUnitReportReporter -->
<testsuite hostname="GE-testing-MacBook-Pro.local" failures="0" tests="6" name="selenium.test1" time="0.008" errors="0" timestamp="06 May 2021 03:50:46 GMT" skipped="0">
  <testcase classname="selenium.test1" name="Atesting3" time="0.001"/>
  <testcase classname="selenium.test1" name="Atesting2" time="0.001"/>
  <testcase classname="selenium.test1" name="c2" time="0.003"/>
  <testcase classname="selenium.test1" name="btesting1" time="0.001"/>
  <testcase classname="selenium.test1" name="btesting2" time="0.001"/>
  <testcase classname="selenium.test1" name="Atesting1" time="0.001"/>
</testsuite> <!-- selenium.test1 -->
