<?xml version="1.0" encoding="UTF-8"?>
<!-- Generated by org.testng.reporters.JUnitReportReporter -->
<testsuite hostname="GE-testing-MacBook-Pro.local" failures="0" tests="1" name="Sele2.ToC" time="29.917" errors="0" timestamp="09 Jun 2021 14:56:24 GMT" skipped="0">
  <testcase classname="Sele2.ToC" name="m1" time="29.917"/>
</testsuite> <!-- Sele2.ToC -->
