<?xml version="1.0" encoding="UTF-8"?>
<!-- Generated by org.testng.reporters.JUnitReportReporter -->
<testsuite skipped="0" hostname="J7SW5M2" name="testcases.CommonLandingPage" tests="1" failures="0" timestamp="2021-01-03T21:31:17 IST" time="7.353" errors="0">
  <testcase name="CommonPage" time="7.353" classname="testcases.CommonLandingPage"/>
  <system-out/>
</testsuite> <!-- testcases.CommonLandingPage -->
