<?xml version="1.0" encoding="UTF-8"?>
<!-- Generated by org.testng.reporters.JUnitReportReporter -->
<testsuite skipped="0" hostname="J7SW5M2" name="com.leafground.upload" tests="1" failures="0" timestamp="2021-01-09T10:13:54 IST" time="33.418" errors="0">
  <testcase name="add" time="33.418" classname="com.leafground.upload"/>
</testsuite> <!-- com.leafground.upload -->
