<?xml version="1.0" encoding="UTF-8"?>
<!-- Generated by org.testng.reporters.JUnitReportReporter -->
<testsuite hostname="GE-testing-MacBook-Pro.local" failures="0" tests="1" name="Sele2.Calender" time="36.275" errors="0" timestamp="03 Jun 2021 03:29:07 GMT" skipped="0">
  <testcase classname="Sele2.Calender" name="m1" time="36.275"/>
</testsuite> <!-- Sele2.Calender -->
