<?xml version="1.0" encoding="UTF-8"?>
<!-- Generated by org.testng.reporters.JUnitReportReporter -->
<testsuite hostname="GE-testing-MacBook-Pro.local" failures="0" tests="1" name="Sele2.HyperLinksVali" time="38.744" errors="0" timestamp="04 Jun 2021 03:58:45 GMT" skipped="0">
  <testcase classname="Sele2.HyperLinksVali" name="m1" time="38.744"/>
</testsuite> <!-- Sele2.HyperLinksVali -->
