<?xml version="1.0" encoding="UTF-8"?>
<!-- Generated by org.testng.reporters.JUnitReportReporter -->
<testsuite hostname="GE-testing-MacBook-Pro.local" failures="0" tests="1" name="Sele2.Tablesfunc" time="14.516" errors="0" timestamp="08 Jun 2021 03:22:06 GMT" skipped="0">
  <testcase classname="Sele2.Tablesfunc" name="m1" time="14.516"/>
</testsuite> <!-- Sele2.Tablesfunc -->
